number,value,datetime_start,datetime_complete,duration,params_batch_size,params_d_model,params_dim_ff,params_dropout,params_lr,params_nhead,params_num_layers,params_weight_decay,state
309,0.2738230117416382,2026-01-24 21:06:01.874316,2026-01-24 21:11:34.703910,0 days 00:05:32.829594,256,256,512,0.1,0.001,8,8,0.01,COMPLETE
310,0.27328477358818054,2026-01-24 21:11:34.704809,2026-01-24 21:17:22.761330,0 days 00:05:48.056521,256,256,512,0.1,0.001,8,8,0.01,COMPLETE
311,0.2741163113451004,2026-01-24 21:17:22.762237,2026-01-24 21:23:13.795786,0 days 00:05:51.033549,256,256,512,0.1,0.001,8,8,0.0001,COMPLETE
312,0.2745457577228546,2026-01-24 21:23:13.796685,2026-01-24 21:30:21.232021,0 days 00:07:07.435336,256,256,512,0.1,0.001,8,8,0.01,COMPLETE
313,0.2723789304494858,2026-01-24 21:30:21.233057,2026-01-24 21:36:12.767884,0 days 00:05:51.534827,256,256,512,0.1,0.001,8,8,0.001,COMPLETE
314,0.29167887656211855,2026-01-24 21:36:12.768768,2026-01-24 21:40:46.411971,0 days 00:04:33.643203,256,256,512,0.1,0.001,8,4,0.01,COMPLETE
315,0.2727214942264557,2026-01-24 21:40:46.412835,2026-01-24 21:46:39.265333,0 days 00:05:52.852498,256,256,512,0.1,0.001,8,8,0.01,COMPLETE
316,0.28367615604400637,2026-01-24 21:46:39.266258,2026-01-24 21:52:32.876476,0 days 00:05:53.610218,256,256,512,0.2,0.001,8,8,0.01,COMPLETE
317,0.2870625750350952,2026-01-24 21:52:32.877350,2026-01-24 21:57:57.060428,0 days 00:05:24.183078,512,256,512,0.1,0.001,4,8,0.0,COMPLETE
318,0.2824256398677826,2026-01-24 21:57:57.061310,2026-01-24 22:03:51.691624,0 days 00:05:54.630314,256,256,256,0.1,0.001,8,8,0.01,COMPLETE
319,0.27367513971328733,2026-01-24 22:03:51.693300,2026-01-24 22:10:30.129650,0 days 00:06:38.436350,256,256,512,0.1,0.001,8,8,0.0001,COMPLETE
320,0.2718217232656479,2026-01-24 22:10:30.130736,2026-01-24 22:16:18.263652,0 days 00:05:48.132916,256,256,512,0.1,0.001,8,8,0.01,COMPLETE
321,0.2749041275072098,2026-01-24 22:16:18.264642,2026-01-24 22:22:08.781427,0 days 00:05:50.516785,256,256,512,0.1,0.001,8,8,0.01,COMPLETE
322,0.2724046608114243,2026-01-24 22:22:08.782296,2026-01-24 22:27:59.383457,0 days 00:05:50.601161,256,256,512,0.1,0.001,8,8,0.01,COMPLETE
323,,2026-01-24 22:27:59.384716,2026-01-24 22:29:31.656911,0 days 00:01:32.272195,1024,256,512,0.1,0.0005,8,8,0.01,FAIL
