number,value,datetime_start,datetime_complete,duration,params_batch_size,params_d_model,params_dim_ff,params_dropout,params_lr,params_nhead,params_num_layers,params_weight_decay,state
461,0.4045711326313019,2026-01-23 10:37:52.844074,2026-01-23 10:47:03.596940,0 days 00:09:10.752866,256,256,512,0.1,0.001,8,8,0.01,COMPLETE
462,0.40922487015724185,2026-01-23 10:47:03.597936,2026-01-23 10:56:13.245661,0 days 00:09:09.647725,256,256,512,0.1,0.001,8,8,0.01,COMPLETE
463,1618.457641640625,2026-01-23 10:56:13.247028,2026-01-23 11:05:08.208266,0 days 00:08:54.961238,256,256,512,0.1,0.01,8,8,0.01,COMPLETE
464,0.40566916078567505,2026-01-23 11:05:08.209355,2026-01-23 11:14:16.693971,0 days 00:09:08.484616,256,256,512,0.1,0.001,8,8,0.01,COMPLETE
465,0.4286045221424103,2026-01-23 11:14:16.694923,2026-01-23 11:19:40.732425,0 days 00:05:24.037502,256,128,512,0.1,0.001,8,6,0.01,COMPLETE
466,0.41066033588409423,2026-01-23 11:19:40.733498,2026-01-23 11:28:50.275399,0 days 00:09:09.541901,256,256,512,0.1,0.001,8,8,0.01,COMPLETE
467,0.4073495701122284,2026-01-23 11:28:50.276668,2026-01-23 11:37:59.048226,0 days 00:09:08.771558,256,256,512,0.1,0.001,8,8,0.01,COMPLETE
468,0.4071231098842621,2026-01-23 11:37:59.049152,2026-01-23 11:47:08.538453,0 days 00:09:09.489301,256,256,512,0.1,0.001,8,8,0.01,COMPLETE
469,0.40534124788284304,2026-01-23 11:47:08.539477,2026-01-23 11:56:16.062743,0 days 00:09:07.523266,256,256,512,0.1,0.001,8,8,0.01,COMPLETE
470,0.4061875927734375,2026-01-23 11:56:16.063685,2026-01-23 12:05:25.987407,0 days 00:09:09.923722,256,256,512,0.1,0.001,8,8,0.01,COMPLETE
471,0.424034429397583,2026-01-23 12:05:25.988386,2026-01-23 12:11:02.555617,0 days 00:05:36.567231,256,256,512,0.1,0.001,8,4,0.01,COMPLETE
472,0.42954586764335634,2026-01-23 12:11:02.556669,2026-01-23 12:20:02.761389,0 days 00:09:00.204720,256,256,512,0.2,0.001,4,8,0.01,COMPLETE
473,0.40908785502433775,2026-01-23 12:20:02.762529,2026-01-23 12:29:13.299725,0 days 00:09:10.537196,256,256,512,0.1,0.001,8,8,0.01,COMPLETE
474,0.4083133594894409,2026-01-23 12:29:13.300785,2026-01-23 12:38:23.622260,0 days 00:09:10.321475,256,256,512,0.1,0.001,8,8,0.01,COMPLETE
475,0.4271392548847198,2026-01-23 12:38:23.623150,2026-01-23 12:47:17.179583,0 days 00:08:53.556433,512,256,256,0.1,0.001,8,8,0.01,COMPLETE
476,0.4054158880901337,2026-01-23 12:47:17.180617,2026-01-23 12:56:27.490726,0 days 00:09:10.310109,256,256,512,0.1,0.001,8,8,0.01,COMPLETE
477,0.406941761636734,2026-01-23 12:56:27.491690,2026-01-23 13:05:38.497703,0 days 00:09:11.006013,256,256,512,0.1,0.001,8,8,0.01,COMPLETE
478,0.4212578415584564,2026-01-23 13:05:38.498578,2026-01-23 13:14:48.272427,0 days 00:09:09.773849,256,256,512,0.1,0.0005,8,8,0.01,COMPLETE
479,0.40951270317077637,2026-01-23 13:14:48.273292,2026-01-23 13:23:58.683703,0 days 00:09:10.410411,256,256,512,0.1,0.001,8,8,0.01,COMPLETE
480,0.4683788977146149,2026-01-23 13:23:58.684554,2026-01-23 13:33:25.060709,0 days 00:09:26.376155,1024,256,512,0.3,0.001,8,8,0.01,COMPLETE
481,0.40776310837745666,2026-01-23 13:33:25.061670,2026-01-23 13:42:35.478010,0 days 00:09:10.416340,256,256,512,0.1,0.001,8,8,0.01,COMPLETE
482,0.4096599748325348,2026-01-23 13:42:35.478890,2026-01-23 13:51:45.831979,0 days 00:09:10.353089,256,256,512,0.1,0.001,8,8,0.01,COMPLETE
483,0.40500650427818297,2026-01-23 13:51:45.832843,2026-01-23 14:00:56.460942,0 days 00:09:10.628099,256,256,512,0.1,0.001,8,8,0.0,COMPLETE
484,0.4080997316646576,2026-01-23 14:00:56.461851,2026-01-23 14:10:06.582206,0 days 00:09:10.120355,256,256,512,0.1,0.001,8,8,0.0,COMPLETE
485,0.4217948005962372,2026-01-23 14:10:06.583295,2026-01-23 14:16:32.153408,0 days 00:06:25.570113,256,128,512,0.1,0.001,8,8,0.0,COMPLETE
486,2843.900288359375,2026-01-23 14:16:32.154313,2026-01-23 14:25:27.647613,0 days 00:08:55.493300,256,256,512,0.1,0.01,8,8,0.0,COMPLETE
487,0.41255467037200927,2026-01-23 14:25:27.648495,2026-01-23 14:32:51.043287,0 days 00:07:23.394792,256,256,512,0.1,0.001,8,6,0.0,COMPLETE
488,0.4085544939517975,2026-01-23 14:32:51.044237,2026-01-23 14:42:01.738283,0 days 00:09:10.694046,256,256,512,0.1,0.001,8,8,0.0,COMPLETE
489,0.40729827624320986,2026-01-23 14:42:01.739334,2026-01-23 14:51:12.577860,0 days 00:09:10.838526,256,256,512,0.1,0.001,8,8,0.0,COMPLETE
490,0.40711030464172365,2026-01-23 14:51:12.578855,2026-01-23 15:00:23.838899,0 days 00:09:11.260044,256,256,512,0.1,0.001,8,8,0.0,COMPLETE
491,0.4111821893787384,2026-01-23 15:00:23.840062,2026-01-23 15:09:23.645166,0 days 00:08:59.805104,256,256,512,0.1,0.001,4,8,0.0,COMPLETE
492,0.42481147017478943,2026-01-23 15:09:23.646170,2026-01-23 15:15:02.519574,0 days 00:05:38.873404,256,256,512,0.1,0.001,8,4,0.001,COMPLETE
493,0.41665433031082155,2026-01-23 15:15:02.520525,2026-01-23 15:23:35.950709,0 days 00:08:33.430184,256,256,256,0.1,0.001,8,8,0.001,COMPLETE
494,0.40782984332084654,2026-01-23 15:23:35.951630,2026-01-23 15:32:46.452787,0 days 00:09:10.501157,256,256,512,0.1,0.001,8,8,0.0,COMPLETE
495,0.4098495926094055,2026-01-23 15:32:46.453777,2026-01-23 15:41:56.760973,0 days 00:09:10.307196,256,256,512,0.1,0.001,8,8,0.0,COMPLETE
496,0.41619101689338683,2026-01-23 15:41:56.762045,2026-01-23 15:51:25.358564,0 days 00:09:28.596519,512,256,512,0.1,0.001,8,8,0.001,COMPLETE
497,0.4252685781955719,2026-01-23 15:51:25.359675,2026-01-23 16:00:33.960091,0 days 00:09:08.600416,256,256,512,0.2,0.001,8,8,0.001,COMPLETE
498,0.40416439783096314,2026-01-23 16:00:33.961052,2026-01-23 16:09:44.279723,0 days 00:09:10.318671,256,256,512,0.1,0.001,8,8,0.001,COMPLETE
499,0.405263984336853,2026-01-23 16:09:44.280634,2026-01-23 16:18:54.720350,0 days 00:09:10.439716,256,256,512,0.1,0.001,8,8,0.001,COMPLETE
